Base path: C:/Program Files/Unity 5.2.3f1/Editor/Data
Pipe name: \\.\pipe\UnityShaderCompiler-64bit-1-14212
Cmd: getPlatforms
Cmd: compileSnippet
  api=4 type=0 insize=13030 outsize=11024 kw=UNITY_COLORSPACE_GAMMA _SUNDISK_SIMPLE pd= ok=1
Cmd: compileSnippet
  api=4 type=1 insize=13030 outsize=1899 kw=UNITY_COLORSPACE_GAMMA _SUNDISK_SIMPLE pd= ok=1
Cmd: preprocess
  insize=8416 outsize=2127 ok=1
Cmd: compileSnippet
  error: 2 plat 4 at (33): undeclared identifier 'UnityObjectToClipPos'\nCompiling Vertex program
  api=4 type=0 insize=6508 outsize=0 kw= pd= ok=0
Cmd: preprocess
  insize=11047 outsize=747 ok=1
Cmd: compileSnippet
  error: 2 plat 4 at (283): undeclared identifier 'UnityObjectToClipPos'\nCompiling Vertex program
  api=4 type=0 insize=10529 outsize=0 kw= pd= ok=0
Cmd: preprocess
  insize=1146 outsize=490 ok=1
Cmd: compileSnippet
  error: 2 plat 4 at (27): undeclared identifier 'UnityObjectToClipPos'\nCompiling Vertex program
  api=4 type=0 insize=955 outsize=0 kw= pd= ok=0
Cmd: preprocess
  insize=9655 outsize=882 ok=1
Cmd: compileSnippet
  error: 2 plat 4 at (45): undeclared identifier 'UnityObjectToClipPos'\nCompiling Vertex program
  api=4 type=0 insize=8981 outsize=0 kw= pd= ok=0
Cmd: preprocess
  insize=1707 outsize=417 ok=1
Cmd: compileSnippet
  error: 2 plat 4 at (37): undeclared identifier 'UnityObjectToClipPos'\nCompiling Vertex program
  api=4 type=0 insize=1591 outsize=0 kw= pd= ok=0
Cmd: preprocess
  insize=927 outsize=414 ok=1
Cmd: compileSnippet
  error: 2 plat 4 at (25): undeclared identifier 'UnityObjectToClipPos'\nCompiling Vertex program
  api=4 type=0 insize=819 outsize=0 kw= pd= ok=0
Cmd: preprocess
  insize=1011 outsize=373 ok=1
Cmd: compileSnippet
  error: 2 plat 4 at (28): undeclared identifier 'UnityObjectToClipPos'\nCompiling Vertex program
  api=4 type=0 insize=944 outsize=0 kw= pd= ok=0
Cmd: preprocess
  insize=1923 outsize=467 ok=1
Cmd: compileSnippet
  api=4 type=0 insize=1758 outsize=1006 kw= pd= ok=1
Cmd: compileSnippet
  api=4 type=1 insize=1758 outsize=1704 kw= pd= ok=1
Cmd: preprocess
  insize=1300 outsize=470 ok=1
Cmd: compileSnippet
  error: 2 plat 4 at (30): undeclared identifier 'UnityObjectToClipPos'\nCompiling Vertex program
  api=4 type=0 insize=1135 outsize=0 kw= pd= ok=0
Cmd: preprocess
  insize=3604 outsize=723 ok=1
Cmd: compileSnippet
  error: 2 plat 4 at (28): undeclared identifier 'UnityObjectToClipPos'\nCompiling Vertex program
  api=4 type=0 insize=3154 outsize=0 kw= pd= ok=0
Cmd: preprocess
  insize=1247 outsize=468 ok=1
Cmd: compileSnippet
  error: 2 plat 4 at (26): undeclared identifier 'UnityObjectToClipPos'\nCompiling Vertex program
  api=4 type=0 insize=1085 outsize=0 kw= pd= ok=0
Cmd: preprocess
  insize=6592 outsize=863 ok=1
Cmd: compileSnippet
  error: 2 plat 4 at (28): undeclared identifier 'UnityObjectToClipPos'\nCompiling Vertex program
  api=4 type=0 insize=1951 outsize=0 kw= pd= ok=0
Cmd: preprocess
  insize=1180 outsize=373 ok=1
Cmd: compileSnippet
  error: 2 plat 4 at (27): undeclared identifier 'UnityObjectToClipPos'\nCompiling Vertex program
  api=4 type=0 insize=1112 outsize=0 kw= pd= ok=0
Cmd: preprocess
  insize=2495 outsize=837 ok=1
Cmd: compileSnippet
  error: 2 plat 4 at (31): undeclared identifier 'UnityObjectToClipPos'\nCompiling Vertex program
  api=4 type=0 insize=1929 outsize=0 kw= pd= ok=0
Cmd: preprocess
  insize=966 outsize=361 ok=1
Cmd: compileSnippet
  error: 2 plat 4 at (24): undeclared identifier 'UnityObjectToClipPos'\nCompiling Vertex program
  api=4 type=0 insize=910 outsize=0 kw= pd= ok=0
Cmd: preprocess
  insize=1397 outsize=448 ok=1
Cmd: compileSnippet
  error: 2 plat 4 at (30): undeclared identifier 'UnityObjectToClipPos'\nCompiling Vertex program
  api=4 type=0 insize=1250 outsize=0 kw= pd= ok=0
Cmd: preprocess
  insize=1353 outsize=326 ok=1
Cmd: compileSnippet
  api=4 type=0 insize=1333 outsize=1802 kw= pd= ok=1
Cmd: compileSnippet
  api=4 type=1 insize=1333 outsize=1347 kw= pd= ok=1
Cmd: preprocess
  insize=1271 outsize=338 ok=1
Cmd: compileSnippet
  error: 2 plat 4 at (18): undeclared identifier 'UnityObjectToClipPos'\nCompiling Vertex program
  api=4 type=0 insize=1237 outsize=0 kw= pd= ok=0
Cmd: preprocess
  insize=1427 outsize=414 ok=1
Cmd: compileSnippet
  error: 2 plat 4 at (37): undeclared identifier 'UnityObjectToClipPos'\nCompiling Vertex program
  api=4 type=0 insize=1315 outsize=0 kw= pd= ok=0
Cmd: preprocess
  insize=1276 outsize=388 ok=1
Cmd: compileSnippet
  error: 2 plat 4 at (29): undeclared identifier 'UnityObjectToClipPos'\nCompiling Vertex program
  api=4 type=0 insize=1193 outsize=0 kw= pd= ok=0
Cmd: preprocess
  insize=2318 outsize=703 ok=1
Cmd: compileSnippet
  error: 2 plat 4 at (44): undeclared identifier 'UnityObjectToClipPos'\nCompiling Vertex program
  api=4 type=0 insize=1921 outsize=0 kw= pd= ok=0
Cmd: preprocess
  insize=985 outsize=336 ok=1
Cmd: compileSnippet
  error: 2 plat 4 at (30): undeclared identifier 'UnityObjectToClipPos'\nCompiling Vertex program
  api=4 type=0 insize=951 outsize=0 kw= pd= ok=0
Cmd: preprocess
  insize=636 outsize=302 ok=1
Cmd: compileSnippet
  api=4 type=0 insize=634 outsize=1006 kw= pd= ok=1
Cmd: compileSnippet
  api=4 type=1 insize=634 outsize=1071 kw= pd= ok=1
Cmd: preprocess
  insize=6209 outsize=1058 ok=1
Cmd: compileSnippet
  error: 2 plat 4 at (41): undeclared identifier 'UnityObjectToClipPos'\nCompiling Vertex program
  api=4 type=0 insize=5394 outsize=0 kw= pd= ok=0
Cmd: preprocess
  insize=32656 outsize=339 ok=1
Cmd: compileSnippet
  error: 2 plat 4 at (811): undeclared identifier 'UnityObjectToClipPos'\nCompiling Vertex program
  api=4 type=0 insize=32621 outsize=0 kw= pd= ok=0
Cmd: preprocess
  insize=1237 outsize=326 ok=1
Cmd: compileSnippet
  error: 2 plat 4 at (37): undeclared identifier 'UnityObjectToClipPos'\nCompiling Vertex program
  api=4 type=0 insize=1213 outsize=0 kw= pd= ok=0
Cmd: preprocess
  insize=4376 outsize=589 ok=1
Cmd: compileSnippet
  error: 2 plat 4 at (50): undeclared identifier 'UnityObjectToClipPos'\nCompiling Vertex program
  api=4 type=0 insize=3975 outsize=0 kw= pd= ok=0
Cmd: preprocess
  insize=1075 outsize=332 ok=1
Cmd: compileSnippet
  error: 2 plat 4 at (36): undeclared identifier 'UnityObjectToClipPos'\nCompiling Vertex program
  api=4 type=0 insize=1044 outsize=0 kw= pd= ok=0
Cmd: preprocess
  insize=4852 outsize=1863 ok=1
Cmd: compileSnippet
  error: 2 plat 4 at (31): undeclared identifier 'UnityObjectToClipPos'\nCompiling Vertex program
  api=4 type=0 insize=3196 outsize=0 kw= pd= ok=0
Cmd: preprocess
  insize=12870 outsize=1943 ok=1
Cmd: compileSnippet
  error: 2 plat 4 at (94): undeclared identifier 'UnityObjectToClipPos'\nCompiling Vertex program
  api=4 type=0 insize=11104 outsize=0 kw= pd= ok=0
Cmd: preprocess
  insize=1046 outsize=417 ok=1
Cmd: compileSnippet
  error: 2 plat 4 at (25): undeclared identifier 'UnityObjectToClipPos'\nCompiling Vertex program
  api=4 type=0 insize=934 outsize=0 kw= pd= ok=0
Cmd: preprocess
  insize=6106 outsize=815 ok=1
Cmd: compileSnippet
  error: 2 plat 4 at (78): undeclared identifier 'UnityObjectToClipPos'\nCompiling Vertex program
  api=4 type=0 insize=5294 outsize=0 kw= pd= ok=0
Cmd: preprocess
  insize=2760 outsize=845 ok=1
Cmd: compileSnippet
  error: 2 plat 4 at (27): undeclared identifier 'UnityObjectToClipPos'\nCompiling Vertex program
  api=4 type=0 insize=2188 outsize=0 kw= pd= ok=0
Cmd: preprocess
  insize=10856 outsize=2616 ok=1
Cmd: compileSnippet
  error: 2 plat 4 at (80): undeclared identifier 'UnityObjectToClipPos'\nCompiling Vertex program
  api=4 type=0 insize=8467 outsize=0 kw= pd= ok=0
Cmd: preprocess
  insize=12503 outsize=2395 ok=1
Cmd: compileSnippet
  error: 2 plat 4 at (52): undeclared identifier 'UnityObjectToClipPos'\nCompiling Vertex program
  api=4 type=0 insize=10181 outsize=0 kw= pd= ok=0
Cmd: preprocess
  insize=1992 outsize=521 ok=1
Cmd: compileSnippet
  error: 2 plat 4 at (28): undeclared identifier 'UnityObjectToClipPos'\nCompiling Vertex program
  api=4 type=0 insize=1746 outsize=0 kw= pd= ok=0
Cmd: preprocess
  insize=1613 outsize=361 ok=1
Cmd: compileSnippet
  error: 2 plat 4 at (28): undeclared identifier 'UnityObjectToClipPos'\nCompiling Vertex program
  api=4 type=0 insize=1557 outsize=0 kw= pd= ok=0
Cmd: preprocess
  insize=24049 outsize=4192 ok=1
Cmd: compileSnippet
  error: 2 plat 4 at (48): undeclared identifier 'UnityObjectToClipPos'\nCompiling Vertex program
  api=4 type=0 insize=19212 outsize=0 kw= pd= ok=0
Cmd: preprocess
  insize=4021 outsize=615 ok=1
Cmd: compileSnippet
  error: 2 plat 4 at (53): undeclared identifier 'UnityObjectToClipPos'\nCompiling Vertex program
  api=4 type=0 insize=3713 outsize=0 kw= pd= ok=0
Cmd: preprocess
  insize=1758 outsize=364 ok=1
Cmd: compileSnippet
  error: 2 plat 4 at (33): undeclared identifier 'UnityObjectToClipPos'\nCompiling Vertex program
  api=4 type=0 insize=1696 outsize=0 kw= pd= ok=0
Cmd: preprocess
  insize=1048 outsize=417 ok=1
Cmd: compileSnippet
  error: 2 plat 4 at (37): undeclared identifier 'UnityObjectToClipPos'\nCompiling Vertex program
  api=4 type=0 insize=933 outsize=0 kw= pd= ok=0
Cmd: preprocess
  insize=1165 outsize=490 ok=1
Cmd: compileSnippet
  error: 2 plat 4 at (26): undeclared identifier 'UnityObjectToClipPos'\nCompiling Vertex program
  api=4 type=0 insize=950 outsize=0 kw= pd= ok=0
Cmd: preprocess
  insize=673 outsize=248 ok=1
Cmd: compileSnippet
  api=4 type=0 insize=724 outsize=1006 kw= pd= ok=1
Cmd: compileSnippet
  api=4 type=1 insize=724 outsize=835 kw= pd= ok=1
Cmd: preprocess
  insize=5646 outsize=938 ok=1
Cmd: compileSnippet
  error: 2 plat 4 at (40): undeclared identifier 'UnityObjectToClipPos'\nCompiling Vertex program
  api=4 type=0 insize=4895 outsize=0 kw= pd= ok=0
Cmd: preprocess
  insize=5251 outsize=820 ok=1
Cmd: compileSnippet
  error: 2 plat 4 at (47): undeclared identifier 'UnityObjectToClipPos'\nCompiling Vertex program
  api=4 type=0 insize=4602 outsize=0 kw= pd= ok=0
Cmd: preprocess
  insize=520 outsize=341 ok=1
Cmd: compileSnippet
  api=4 type=0 insize=481 outsize=1006 kw= pd= ok=1
Cmd: compileSnippet
  api=4 type=1 insize=481 outsize=1274 kw= pd= ok=1
Cmd: preprocess
  insize=6497 outsize=986 ok=1
Cmd: compileSnippet
  error: 2 plat 4 at (37): undeclared identifier 'UnityObjectToClipPos'\nCompiling Vertex program
  api=4 type=0 insize=5582 outsize=0 kw= pd= ok=0
Cmd: preprocess
  insize=32666 outsize=339 ok=1
Cmd: compileSnippet
  error: 2 plat 4 at (810): undeclared identifier 'UnityObjectToClipPos'\nCompiling Vertex program
  api=4 type=0 insize=32631 outsize=0 kw= pd= ok=0
Cmd: preprocess
  insize=5258 outsize=1805 ok=1
Cmd: compileSnippet
  error: 2 plat 4 at (69): undeclared identifier 'UnityObjectToClipPos'\nCompiling Vertex program
  api=4 type=0 insize=3757 outsize=0 kw= pd= ok=0
Cmd: preprocess
  insize=6820 outsize=320 ok=1
Cmd: compileSnippet
  error: 2 plat 4 at (172): undeclared identifier 'UnityObjectToClipPos'\nCompiling Vertex program
  api=4 type=0 insize=6804 outsize=0 kw= pd= ok=0
Cmd: preprocess
  insize=4351 outsize=503 ok=1
Cmd: compileSnippet
  error: 2 plat 4 at (29): undeclared identifier 'UnityObjectToClipPos'\nCompiling Vertex program
  api=4 type=0 insize=4124 outsize=0 kw= pd= ok=0
Cmd: preprocess
  insize=4690 outsize=971 ok=1
Cmd: compileSnippet
  error: 2 plat 4 at (46): undeclared identifier 'UnityObjectToClipPos'\nCompiling Vertex program
  api=4 type=0 insize=3942 outsize=0 kw= pd= ok=0
Cmd: preprocess
  insize=5800 outsize=1303 ok=1
Cmd: compileSnippet
  error: 2 plat 4 at (164): undeclared identifier 'UnityObjectToClipPos'\nCompiling Vertex program
  api=4 type=0 insize=4249 outsize=0 kw= pd= ok=0
Cmd: preprocess
  insize=799 outsize=370 ok=1
Cmd: compileSnippet
  error: 2 plat 4 at (36): undeclared identifier 'UnityObjectToClipPos'\nCompiling Vertex program
  api=4 type=0 insize=731 outsize=0 kw= pd= ok=0
Cmd: preprocess
  insize=656 outsize=299 ok=1
Cmd: compileSnippet
  api=4 type=0 insize=657 outsize=1006 kw= pd= ok=1
Cmd: compileSnippet
  api=4 type=1 insize=657 outsize=1404 kw= pd= ok=1
Cmd: preprocess
  insize=3777 outsize=712 ok=1
Cmd: compileSnippet
  error: 2 plat 4 at (37): undeclared identifier 'UnityObjectToClipPos'\nCompiling Vertex program
  api=4 type=0 insize=3276 outsize=0 kw= pd= ok=0
Cmd: preprocess
  insize=882 outsize=359 ok=1
Cmd: compileSnippet
  error: 2 plat 4 at (24): undeclared identifier 'UnityObjectToClipPos'\nCompiling Vertex program
  api=4 type=0 insize=827 outsize=0 kw= pd= ok=0
Cmd: preprocess
  insize=1348 outsize=356 ok=1
Cmd: compileSnippet
  error: 2 plat 4 at (28): undeclared identifier 'UnityObjectToClipPos'\nCompiling Vertex program
  api=4 type=0 insize=1297 outsize=0 kw= pd= ok=0
Cmd: preprocess
  insize=2097 outsize=1031 ok=1
Cmd: compileSnippet
  error: 2 plat 4 at (41): undeclared identifier 'UnityObjectToClipPos'\nCompiling Vertex program
  api=4 type=0 insize=858 outsize=0 kw= pd= ok=0
Cmd: preprocess
  insize=5178 outsize=783 ok=1
Cmd: compileSnippet
  error: 2 plat 4 at (56): undeclared identifier 'UnityObjectToClipPos'\nCompiling Vertex program
  api=4 type=0 insize=4658 outsize=0 kw= pd= ok=0
Cmd: preprocess
  insize=1100 outsize=554 ok=1
Cmd: compileSnippet
  error: 2 plat 4 at (34): undeclared identifier 'UnityObjectToClipPos'\nCompiling Vertex program
  api=4 type=0 insize=848 outsize=0 kw= pd= ok=0
Cmd: preprocess
  insize=1222 outsize=448 ok=1
Cmd: compileSnippet
  error: 2 plat 4 at (30): undeclared identifier 'UnityObjectToClipPos'\nCompiling Vertex program
  api=4 type=0 insize=1080 outsize=0 kw= pd= ok=0
Cmd: preprocess
  insize=595 outsize=325 ok=1
Cmd: compileSnippet
  error: 2 plat 4 at (29): undeclared identifier 'UnityObjectToClipPos'\nCompiling Vertex program
  api=4 type=0 insize=572 outsize=0 kw= pd= ok=0
Cmd: preprocess
  insize=733 outsize=373 ok=1
Cmd: compileSnippet
  error: 2 plat 4 at (23): undeclared identifier 'UnityObjectToClipPos'\nCompiling Vertex program
  api=4 type=0 insize=664 outsize=0 kw= pd= ok=0
Cmd: preprocess
  insize=5085 outsize=949 ok=1
Cmd: compileSnippet
  error: 2 plat 4 at (34): undeclared identifier 'UnityObjectToClipPos'\nCompiling Vertex program
  api=4 type=0 insize=4386 outsize=0 kw= pd= ok=0
Cmd: compileSnippet
  api=4 type=0 insize=751 outsize=3533 kw=SHADOWS_DEPTH pd= ok=1
Cmd: compileSnippet
  api=4 type=1 insize=751 outsize=380 kw=SHADOWS_DEPTH pd= ok=1
Cmd: compileSnippet
  api=4 type=0 insize=982 outsize=3979 kw=DIRECTIONAL SHADOWS_OFF LIGHTMAP_OFF DIRLIGHTMAP_OFF DYNAMICLIGHTMAP_OFF _EMISSION pd= ok=1
Cmd: compileSnippet
  api=4 type=1 insize=982 outsize=10829 kw=DIRECTIONAL SHADOWS_OFF LIGHTMAP_OFF DIRLIGHTMAP_OFF DYNAMICLIGHTMAP_OFF _EMISSION pd= ok=1
Cmd: compileSnippet
  api=4 type=0 insize=938 outsize=4101 kw=DIRECTIONAL SHADOWS_OFF pd= ok=1
Cmd: compileSnippet
  api=4 type=1 insize=938 outsize=5515 kw=DIRECTIONAL SHADOWS_OFF pd= ok=1
Cmd: compileSnippet
  api=4 type=0 insize=982 outsize=3979 kw=DIRECTIONAL SHADOWS_OFF LIGHTMAP_OFF DIRLIGHTMAP_OFF DYNAMICLIGHTMAP_OFF pd= ok=1
Cmd: compileSnippet
  api=4 type=1 insize=982 outsize=10618 kw=DIRECTIONAL SHADOWS_OFF LIGHTMAP_OFF DIRLIGHTMAP_OFF DYNAMICLIGHTMAP_OFF pd= ok=1
Cmd: compileSnippet
  api=4 type=0 insize=751 outsize=3776 kw=SHADOWS_DEPTH _ALPHABLEND_ON pd= ok=1
Cmd: compileSnippet
  api=4 type=1 insize=751 outsize=1233 kw=SHADOWS_DEPTH _ALPHABLEND_ON pd= ok=1
Cmd: compileSnippet
  api=4 type=0 insize=982 outsize=3979 kw=DIRECTIONAL SHADOWS_OFF LIGHTMAP_OFF DIRLIGHTMAP_OFF DYNAMICLIGHTMAP_OFF _ALPHABLEND_ON pd= ok=1
Cmd: compileSnippet
  api=4 type=1 insize=982 outsize=10642 kw=DIRECTIONAL SHADOWS_OFF LIGHTMAP_OFF DIRLIGHTMAP_OFF DYNAMICLIGHTMAP_OFF _ALPHABLEND_ON pd= ok=1
Cmd: compileSnippet
  api=4 type=0 insize=938 outsize=4101 kw=DIRECTIONAL SHADOWS_OFF _ALPHABLEND_ON pd= ok=1
Cmd: compileSnippet
  api=4 type=1 insize=938 outsize=5539 kw=DIRECTIONAL SHADOWS_OFF _ALPHABLEND_ON pd= ok=1
Cmd: compileSnippet
  api=4 type=0 insize=982 outsize=3979 kw=DIRECTIONAL SHADOWS_OFF LIGHTMAP_OFF DIRLIGHTMAP_OFF DYNAMICLIGHTMAP_OFF _EMISSION _ALPHABLEND_ON pd= ok=1
Cmd: compileSnippet
  api=4 type=1 insize=982 outsize=10853 kw=DIRECTIONAL SHADOWS_OFF LIGHTMAP_OFF DIRLIGHTMAP_OFF DYNAMICLIGHTMAP_OFF _EMISSION _ALPHABLEND_ON pd= ok=1
Cmd: compileSnippet
  api=4 type=0 insize=1482 outsize=1290 kw=SOFTPARTICLES_OFF pd= ok=1
Cmd: compileSnippet
  api=4 type=1 insize=1482 outsize=827 kw=SOFTPARTICLES_OFF pd= ok=1
